<?xml version="1.0" encoding="UTF-8"?>
<!-- Generated by org.testng.reporters.JUnitReportReporter -->
<testsuite hostname="DESKTOP-31TC93I" name="mavenproject.TestMvn" tests="1" failures="0" timestamp="10 Dec 2019 11:08:04 GMT" time="55.773" errors="0">
  <testcase name="sampleTest" time="55.773" classname="mavenproject.TestMvn"/>
</testsuite> <!-- mavenproject.TestMvn -->
